[0.023s] Invoking command in '/home/kushal/ros2_ws/src/build/campus_tour_interfaces': CMAKE_PREFIX_PATH=${CMAKE_PREFIX_PATH}:/home/kushal/ros2_ws/install/campus_agents:/opt/ros/humble /usr/bin/cmake /home/kushal/ros2_ws/src/campus_tour_interfaces -DAMENT_CMAKE_SYMLINK_INSTALL=1 -DCMAKE_INSTALL_PREFIX=/home/kushal/ros2_ws/src/install/campus_tour_interfaces
[0.120s] -- Found ament_cmake: 1.3.10 (/opt/ros/humble/share/ament_cmake/cmake)
[0.287s] -- Override CMake install command with custom implementation using symlinks instead of copying resources
[0.316s] -- Found rosidl_default_generators: 1.2.0 (/opt/ros/humble/share/rosidl_default_generators/cmake)
[0.324s] -- Using all available rosidl_typesupport_c: rosidl_typesupport_fastrtps_c;rosidl_typesupport_introspection_c
[0.330s] -- Found rosidl_adapter: 3.1.5 (/opt/ros/humble/share/rosidl_adapter/cmake)
[0.517s] -- Using all available rosidl_typesupport_cpp: rosidl_typesupport_fastrtps_cpp;rosidl_typesupport_introspection_cpp
[0.853s] -- Found ament_cmake_ros: 0.10.0 (/opt/ros/humble/share/ament_cmake_ros/cmake)
[1.047s] -- Using all available rosidl_typesupport_c: rosidl_typesupport_fastrtps_c;rosidl_typesupport_introspection_c
[1.298s] -- Using all available rosidl_typesupport_cpp: rosidl_typesupport_fastrtps_cpp;rosidl_typesupport_introspection_cpp
[1.322s] -- Found python_cmake_module: 0.10.0 (/opt/ros/humble/share/python_cmake_module/cmake)
[1.352s] -- Using PYTHON_EXECUTABLE: /usr/bin/python3
[1.353s] -- Using PYTHON_INCLUDE_DIRS: /usr/include/python3.10
[1.353s] -- Using PYTHON_LIBRARIES: /usr/lib/x86_64-linux-gnu/libpython3.10.so
[1.393s] -- Configuring done
[1.478s] -- Generating done
[1.482s] -- Build files have been written to: /home/kushal/ros2_ws/src/build/campus_tour_interfaces
[1.505s] Invoked command in '/home/kushal/ros2_ws/src/build/campus_tour_interfaces' returned '0': CMAKE_PREFIX_PATH=${CMAKE_PREFIX_PATH}:/home/kushal/ros2_ws/install/campus_agents:/opt/ros/humble /usr/bin/cmake /home/kushal/ros2_ws/src/campus_tour_interfaces -DAMENT_CMAKE_SYMLINK_INSTALL=1 -DCMAKE_INSTALL_PREFIX=/home/kushal/ros2_ws/src/install/campus_tour_interfaces
[1.507s] Invoking command in '/home/kushal/ros2_ws/src/build/campus_tour_interfaces': CMAKE_PREFIX_PATH=${CMAKE_PREFIX_PATH}:/home/kushal/ros2_ws/install/campus_agents:/opt/ros/humble /usr/bin/cmake --build /home/kushal/ros2_ws/src/build/campus_tour_interfaces -- -j16 -l16
[1.556s] [35m[1mConsolidate compiler generated dependencies of target campus_tour_interfaces__rosidl_generator_c[0m
[1.564s] failed to create symbolic link '/home/kushal/ros2_ws/src/build/campus_tour_interfaces/ament_cmake_python/campus_tour_interfaces/campus_tour_interfaces' because existing path cannot be removed: Is a directory
[1.564s] [  2%] Built target campus_tour_interfaces__cpp
[1.565s] gmake[2]: *** [CMakeFiles/ament_cmake_python_symlink_campus_tour_interfaces.dir/build.make:70: CMakeFiles/ament_cmake_python_symlink_campus_tour_interfaces] Error 1
[1.566s] gmake[1]: *** [CMakeFiles/Makefile2:421: CMakeFiles/ament_cmake_python_symlink_campus_tour_interfaces.dir/all] Error 2
[1.566s] gmake[1]: *** Waiting for unfinished jobs....
[1.568s] [ 12%] Built target campus_tour_interfaces__rosidl_generator_c
[1.577s] [35m[1mConsolidate compiler generated dependencies of target campus_tour_interfaces__rosidl_typesupport_cpp[0m
[1.592s] [ 23%] Built target campus_tour_interfaces__rosidl_typesupport_cpp
[1.593s] gmake: *** [Makefile:146: all] Error 2
[1.596s] Invoked command in '/home/kushal/ros2_ws/src/build/campus_tour_interfaces' returned '2': CMAKE_PREFIX_PATH=${CMAKE_PREFIX_PATH}:/home/kushal/ros2_ws/install/campus_agents:/opt/ros/humble /usr/bin/cmake --build /home/kushal/ros2_ws/src/build/campus_tour_interfaces -- -j16 -l16
